<?xml version="1.0" encoding="UTF-8"?>
<!-- Generated by org.testng.reporters.JUnitXMLReporter -->
<testsuite ignored="0" hostname="DESKTOP-ECJ8H0M" failures="1" tests="1" name="OpenCartTest(failed)" time="20.502" errors="0" timestamp="2023-11-25T16:06:48 IST">
  <testcase classname="tests.TC_001_AccountRegistration" name="registerAccount" time="12.425">
    <failure type="java.lang.AssertionError" message="null">
      <![CDATA[java.lang.AssertionError: null
at tests.TC_001_AccountRegistration.registerAccount(TC_001_AccountRegistration.java:49)
at java.base/java.util.ArrayList.forEach(ArrayList.java:1511)
... Removed 29 stack frames]]>
    </failure>
  </testcase> <!-- registerAccount -->
</testsuite> <!-- OpenCartTest(failed) -->
